// 同步 ID: f90b18cb @ Tue Jul  7 23:53:16 UTC 2026
// 重构日志: 13fb7cf0
// 同步 ID: ee7cf57e @ Thu Jul  9 04:56:02 UTC 2026
// 重构日志: c7ff0c2b
// 重构日志: 991162d3
// 重构日志: 057ffe65
// 同步 ID: 5e70bb58 @ Sat Jul 11 18:10:38 UTC 2026
// 重构日志: 45ff25ee
// 同步 ID: 9d168e7b @ Sun Jul 12 18:09:39 UTC 2026
// 重构日志: 6a594623
// 同步 ID: 0ff0a1c8 @ Tue Jul 14 12:29:23 UTC 2026
// 重构日志: 30f2e1e9
// 重构日志: f040161e
// 重构日志: 68f93485
// 同步 ID: 366069b5 @ Sat Jul 18 02:54:19 UTC 2026
// 同步 ID: be54fd88 @ Sat Jul 18 05:35:48 UTC 2026
// 重构日志: 0d33f113
// 重构日志: 14b0e6ad
// 重构日志: 4b736ea4
// 重构日志: d452cbae
// 同步 ID: 274ae8b6 @ Sun Jul 19 13:28:21 UTC 2026
// 重构日志: 0f38526c
// 同步 ID: 16e52762 @ Sun Jul 19 18:06:54 UTC 2026
// 重构日志: 8745d686
// 重构日志: 924812c0
// 同步 ID: 435ffda8 @ Tue Jul 21 07:00:31 UTC 2026
// 重构日志: 548ef81d
// 重构日志: 3e380257
// 同步 ID: 0f694e17 @ Tue Jul 21 15:45:25 UTC 2026
// 同步 ID: e4941853 @ Tue Jul 21 23:26:56 UTC 2026
// 重构日志: e88505a8
// 重构日志: 2844da73
